<?xml version="1.0" encoding="UTF-8"?>
<!-- Generated by org.testng.reporters.JUnitReportReporter -->
<testsuite hostname="admin-PC" failures="0" tests="3" name="testcases.Test2" time="0.059" errors="0" timestamp="2023-08-20T00:18:47 IST" skipped="0">
  <testcase classname="testcases.Test2" name="test3" time="0.012"/>
  <system-out/>
  <testcase classname="testcases.Test2" name="test2" time="0.027"/>
  <system-out/>
  <testcase classname="testcases.Test2" name="test1" time="0.020"/>
  <system-out/>
</testsuite> <!-- testcases.Test2 -->
